<?xml version="1.0" encoding="UTF-8"?>
<testng-results skipped="0" failed="0" ignored="0" total="1" passed="1">
  <reporter-output>
  </reporter-output>
  <suite name="Suite1" duration-ms="55" started-at="2021-03-18T19:12:37 IST" finished-at="2021-03-18T19:12:37 IST">
    <groups>
    </groups>
    <test name="Nopackage" duration-ms="55" started-at="2021-03-18T19:12:37 IST" finished-at="2021-03-18T19:12:37 IST">
      <class name="com.krishna.qa.TestBase">
        <test-method status="PASS" signature="base()[pri:0, instance:com.krishna.qa.TestBase@69ea3742]" name="base" duration-ms="7" started-at="2021-03-18T19:12:37 IST" finished-at="2021-03-18T19:12:37 IST">
          <reporter-output>
          </reporter-output>
        </test-method> <!-- base -->
      </class> <!-- com.krishna.qa.TestBase -->
    </test> <!-- Nopackage -->
  </suite> <!-- Suite1 -->
</testng-results>
